**********************
Windows PowerShell transcript start
Start time: 20260219153622
Username: LHM\lhmsi
RunAs User: LHM\lhmsi
Configuration Name: 
Machine: LHM (Microsoft Windows NT 10.0.19045.0)
Host Application: C:\Windows\System32\WindowsPowerShell\v1.0\powershell.exe
Process ID: 2584
PSVersion: 5.1.19041.6456
PSEdition: Desktop
PSCompatibleVersions: 1.0, 2.0, 3.0, 4.0, 5.0, 5.1.19041.6456
BuildVersion: 10.0.19041.6456
CLRVersion: 4.0.30319.42000
WSManStackVersion: 3.0
PSRemotingProtocolVersion: 2.3
SerializationVersion: 1.1.0.1
**********************
PS [lhmsi @ LHM] > try {

  Step "Environment"
  Pause
  "RPC   = $RPC"
  "CHAIN = " + (cast chain-id --rpc-url $RPC)
  "REG   = $REG"

  Step "Signer"
  Pause
  $ME = cast wallet address --private-key $PK
  if (-not $ME) { throw "Could not derive wallet from PK" }
  "ME    = $ME"

  Step "Contract Code Exists"
  Pause
  $code = cast code $REG --rpc-url $RPC
  if ($code -eq "0x") { throw "No code at REG on this RPC" }
  "BYTECODE LENGTH = $($code.Length)"

  Step "Roots To Anchor"
  Pause
  $ROOTS

  foreach ($R in $ROOTS) {

    Step "Check isRoot BEFORE ($R)"
    Pause
    $before = IsRoot $REG $R $RPC
    "isRoot BEFORE = $before"

    if ($before -eq "true") {
      "SKIP (already true) – choose new roots"
      continue
    }

    Step "Anchor Root ($R)"
    Pause
    $TX = SendAnchor $REG $R $RPC $PK
    "TX = $TX"

    Step "Receipt"
    Pause
    ShortReceipt $TX $RPC | Format-List

    Step "Verify AFTER ($R)"
    Pause
    $after = IsRoot $REG $R $RPC
    "isRoot AFTER  = $after"
    if ($after -ne "true") { throw "Verification failed: isRoot did not become true" }
  }

  Step "Done"
  Pause
  "All roots verified true."

  Step "Log Saved"
  $log
}
finally {
  Stop-Transcript | Out-Null
}

============================================================
STEP: Environment
============================================================
RPC   = https://sepolia.optimism.io
CHAIN = 11155420
REG   = 0xdE91c6E5606A99A072ab335C1798E2551cE5de14

============================================================
STEP: Signer
============================================================
ME    = 0x48AC6F39864Aa17e4f1D964eA72DbE74bDF09c2C

============================================================
STEP: Contract Code Exists
============================================================
BYTECODE LENGTH = 566

============================================================
STEP: Roots To Anchor
============================================================
1771515383
1771515384
1771515385

============================================================
STEP: Check isRoot BEFORE (1771515383)
============================================================
isRoot BEFORE = false

============================================================
STEP: Anchor Root (1771515383)
============================================================
TX = 0xffe0b86146f47de2abfaf867e9e6e1eef774d9612565bf26b6bec1d89d02966c

============================================================
STEP: Receipt
============================================================


txHash  : 0xffe0b86146f47de2abfaf867e9e6e1eef774d9612565bf26b6bec1d89d02966c
status  : 0x1
block   : 0x2604c55
gasUsed : 0xb021
logs    : 1
to      : 0xde91c6e5606a99a072ab335c1798e2551ce5de14
from    : 0x48ac6f39864aa17e4f1d964ea72dbe74bdf09c2c




============================================================
STEP: Verify AFTER (1771515383)
============================================================
isRoot AFTER  = true

============================================================
STEP: Check isRoot BEFORE (1771515384)
============================================================
isRoot BEFORE = false

============================================================
STEP: Anchor Root (1771515384)
============================================================
TX = 0x0e819a45aa0b4ba147b50bdc436a2abbb177668aa0094d69022287770181ac68

============================================================
STEP: Receipt
============================================================


txHash  : 0x0e819a45aa0b4ba147b50bdc436a2abbb177668aa0094d69022287770181ac68
status  : 0x1
block   : 0x2604c5a
gasUsed : 0xb021
logs    : 1
to      : 0xde91c6e5606a99a072ab335c1798e2551ce5de14
from    : 0x48ac6f39864aa17e4f1d964ea72dbe74bdf09c2c




============================================================
STEP: Verify AFTER (1771515384)
============================================================
isRoot AFTER  = true

============================================================
STEP: Check isRoot BEFORE (1771515385)
============================================================
isRoot BEFORE = false

============================================================
STEP: Anchor Root (1771515385)
============================================================
TX = 0xbca8d31b46ad28abbc466f044ba7ba3d0af229587ad85474b68b2b41fbc99d28

============================================================
STEP: Receipt
============================================================


txHash  : 0xbca8d31b46ad28abbc466f044ba7ba3d0af229587ad85474b68b2b41fbc99d28
status  : 0x1
block   : 0x2604c60
gasUsed : 0xb021
logs    : 1
to      : 0xde91c6e5606a99a072ab335c1798e2551ce5de14
from    : 0x48ac6f39864aa17e4f1d964ea72dbe74bdf09c2c




============================================================
STEP: Verify AFTER (1771515385)
============================================================
isRoot AFTER  = true

============================================================
STEP: Done
============================================================
All roots verified true.

============================================================
STEP: Log Saved
============================================================
clean_run_min_20260219_153622.log
**********************
Windows PowerShell transcript end
End time: 20260219153706
**********************
