**********************
Windows PowerShell transcript start
Start time: 20260219153403
Username: LHM\lhmsi
RunAs User: LHM\lhmsi
Configuration Name: 
Machine: LHM (Microsoft Windows NT 10.0.19045.0)
Host Application: C:\Windows\System32\WindowsPowerShell\v1.0\powershell.exe
Process ID: 2584
PSVersion: 5.1.19041.6456
PSEdition: Desktop
PSCompatibleVersions: 1.0, 2.0, 3.0, 4.0, 5.0, 5.1.19041.6456
BuildVersion: 10.0.19041.6456
CLRVersion: 4.0.30319.42000
WSManStackVersion: 3.0
PSRemotingProtocolVersion: 2.3
SerializationVersion: 1.1.0.1
**********************

============================================================
STEP: Environment
============================================================
RPC   = https://sepolia.optimism.io
CHAIN = 11155420
REG   = 0xdE91c6E5606A99A072ab335C1798E2551cE5de14

============================================================
STEP: Signer
============================================================
ME    = 0x48AC6F39864Aa17e4f1D964eA72DbE74bDF09c2C

============================================================
STEP: Contract Code Exists
============================================================
BYTECODE LENGTH = 566

============================================================
STEP: Roots To Anchor
============================================================
1771515244
1771515245
1771515246

============================================================
STEP: Check isRoot BEFORE (1771515244)
============================================================
isRoot BEFORE = false

============================================================
STEP: Anchor Root (1771515244)
============================================================
TX = 0xe9745dbc3a7bb31ca429c28eb67b67540776238c57b40297c1664e43b8d254f8

============================================================
STEP: Receipt
============================================================


txHash  : 0xe9745dbc3a7bb31ca429c28eb67b67540776238c57b40297c1664e43b8d254f8
status  : 0x1
block   : 0x2604c0f
gasUsed : 0xb021
logs    : 1
to      : 0xde91c6e5606a99a072ab335c1798e2551ce5de14
from    : 0x48ac6f39864aa17e4f1d964ea72dbe74bdf09c2c




============================================================
STEP: Verify AFTER (1771515244)
============================================================
isRoot AFTER  = true

============================================================
STEP: Check isRoot BEFORE (1771515245)
============================================================
isRoot BEFORE = false

============================================================
STEP: Anchor Root (1771515245)
============================================================
TX = 0x57a61628c27b115bf6d6f107b6c3376e84acd83b3d00651a88e23f087c1b1e06

============================================================
STEP: Receipt
============================================================


txHash  : 0x57a61628c27b115bf6d6f107b6c3376e84acd83b3d00651a88e23f087c1b1e06
status  : 0x1
block   : 0x2604c15
gasUsed : 0xb021
logs    : 1
to      : 0xde91c6e5606a99a072ab335c1798e2551ce5de14
from    : 0x48ac6f39864aa17e4f1d964ea72dbe74bdf09c2c




============================================================
STEP: Verify AFTER (1771515245)
============================================================
isRoot AFTER  = true

============================================================
STEP: Check isRoot BEFORE (1771515246)
============================================================
isRoot BEFORE = false

============================================================
STEP: Anchor Root (1771515246)
============================================================
TX = 0xf7439f7ee63b56ff165a2d8fbc44358d8cf2ab3de68d967289d9d45ba28de413

============================================================
STEP: Receipt
============================================================


txHash  : 0xf7439f7ee63b56ff165a2d8fbc44358d8cf2ab3de68d967289d9d45ba28de413
status  : 0x1
block   : 0x2604c1a
gasUsed : 0xb021
logs    : 1
to      : 0xde91c6e5606a99a072ab335c1798e2551ce5de14
from    : 0x48ac6f39864aa17e4f1d964ea72dbe74bdf09c2c




============================================================
STEP: Verify AFTER (1771515246)
============================================================
isRoot AFTER  = true

============================================================
STEP: Done
============================================================
All roots verified true.

============================================================
STEP: Log Saved
============================================================
clean_run_min_20260219_153403.log
**********************
Windows PowerShell transcript end
End time: 20260219153446
**********************
